1713524455.246454 client started (86024): version 3.3a, socket /private/tmp/tmux-501/default, protocol 8
1713524455.246559 on Darwin 23.0.0 Darwin Kernel Version 23.0.0: Fri Sep 15 14:43:05 PDT 2023; root:xnu-10002.1.13~1/RELEASE_ARM64_T6020
1713524455.246817 using libevent 2.1.12-stable (select); utf8proc 2.9.0; ncurses 6.4
1713524455.246844 flags are 0x10010000
1713524455.246850 socket is /private/tmp/tmux-501/default
1713524455.246865 trying connect
1713524455.246930 add peer 0x128048000: 6 (0x0)
1713524455.248727 sending message 100 to peer 0x128048000 (4 bytes)
1713524455.248739 sending message 111 to peer 0x128048000 (8 bytes)
1713524455.248746 sending message 101 to peer 0x128048000 (16 bytes)
1713524455.248751 sending message 109 to peer 0x128048000 (4 bytes)
1713524455.248757 sending message 102 to peer 0x128048000 (13 bytes)
1713524455.248762 sending message 108 to peer 0x128048000 (39 bytes)
1713524455.248766 sending message 112 to peer 0x128048000 (70 bytes)
1713524455.248771 sending message 112 to peer 0x128048000 (5 bytes)
1713524455.248775 sending message 112 to peer 0x128048000 (5 bytes)
1713524455.248780 sending message 112 to peer 0x128048000 (6 bytes)
1713524455.248784 sending message 112 to peer 0x128048000 (6 bytes)
1713524455.248789 sending message 112 to peer 0x128048000 (11 bytes)
1713524455.248793 sending message 112 to peer 0x128048000 (10 bytes)
1713524455.248798 sending message 112 to peer 0x128048000 (13 bytes)
1713524455.248802 sending message 112 to peer 0x128048000 (13 bytes)
1713524455.248806 sending message 112 to peer 0x128048000 (18 bytes)
1713524455.248811 sending message 112 to peer 0x128048000 (11 bytes)
1713524455.248815 sending message 112 to peer 0x128048000 (21 bytes)
1713524455.248820 sending message 112 to peer 0x128048000 (13 bytes)
1713524455.248824 sending message 112 to peer 0x128048000 (7 bytes)
1713524455.248828 sending message 112 to peer 0x128048000 (13 bytes)
1713524455.248833 sending message 112 to peer 0x128048000 (7 bytes)
1713524455.248837 sending message 112 to peer 0x128048000 (13 bytes)
1713524455.248842 sending message 112 to peer 0x128048000 (9 bytes)
1713524455.248846 sending message 112 to peer 0x128048000 (21 bytes)
1713524455.248850 sending message 112 to peer 0x128048000 (13 bytes)
1713524455.248855 sending message 112 to peer 0x128048000 (8 bytes)
1713524455.248859 sending message 112 to peer 0x128048000 (12 bytes)
1713524455.248863 sending message 112 to peer 0x128048000 (13 bytes)
1713524455.248868 sending message 112 to peer 0x128048000 (9 bytes)
1713524455.248872 sending message 112 to peer 0x128048000 (9 bytes)
1713524455.248877 sending message 112 to peer 0x128048000 (12 bytes)
1713524455.248881 sending message 112 to peer 0x128048000 (8 bytes)
1713524455.248886 sending message 112 to peer 0x128048000 (7 bytes)
1713524455.248890 sending message 112 to peer 0x128048000 (7 bytes)
1713524455.248894 sending message 112 to peer 0x128048000 (9 bytes)
1713524455.248899 sending message 112 to peer 0x128048000 (13 bytes)
1713524455.248903 sending message 112 to peer 0x128048000 (9 bytes)
1713524455.248908 sending message 112 to peer 0x128048000 (15 bytes)
1713524455.248912 sending message 112 to peer 0x128048000 (13 bytes)
1713524455.248916 sending message 112 to peer 0x128048000 (12 bytes)
1713524455.248921 sending message 112 to peer 0x128048000 (8 bytes)
1713524455.248925 sending message 112 to peer 0x128048000 (14 bytes)
1713524455.248930 sending message 112 to peer 0x128048000 (9 bytes)
1713524455.248934 sending message 112 to peer 0x128048000 (10 bytes)
1713524455.248939 sending message 112 to peer 0x128048000 (10 bytes)
1713524455.248943 sending message 112 to peer 0x128048000 (10 bytes)
1713524455.248947 sending message 112 to peer 0x128048000 (10 bytes)
1713524455.248952 sending message 112 to peer 0x128048000 (11 bytes)
1713524455.248956 sending message 112 to peer 0x128048000 (10 bytes)
1713524455.248961 sending message 112 to peer 0x128048000 (8 bytes)
1713524455.248967 sending message 112 to peer 0x128048000 (11 bytes)
1713524455.248971 sending message 112 to peer 0x128048000 (11 bytes)
1713524455.248989 sending message 112 to peer 0x128048000 (11 bytes)
1713524455.248992 sending message 112 to peer 0x128048000 (8 bytes)
1713524455.248995 sending message 112 to peer 0x128048000 (8 bytes)
1713524455.248998 sending message 112 to peer 0x128048000 (8 bytes)
1713524455.249002 sending message 112 to peer 0x128048000 (10 bytes)
1713524455.249005 sending message 112 to peer 0x128048000 (10 bytes)
1713524455.249008 sending message 112 to peer 0x128048000 (10 bytes)
1713524455.249011 sending message 112 to peer 0x128048000 (10 bytes)
1713524455.249013 sending message 112 to peer 0x128048000 (10 bytes)
1713524455.249016 sending message 112 to peer 0x128048000 (11 bytes)
1713524455.249019 sending message 112 to peer 0x128048000 (11 bytes)
1713524455.249022 sending message 112 to peer 0x128048000 (10 bytes)
1713524455.249025 sending message 112 to peer 0x128048000 (9 bytes)
1713524455.249028 sending message 112 to peer 0x128048000 (9 bytes)
1713524455.249031 sending message 112 to peer 0x128048000 (12 bytes)
1713524455.249034 sending message 112 to peer 0x128048000 (9 bytes)
1713524455.249037 sending message 112 to peer 0x128048000 (6 bytes)
1713524455.249040 sending message 112 to peer 0x128048000 (13 bytes)
1713524455.249043 sending message 112 to peer 0x128048000 (8 bytes)
1713524455.249046 sending message 112 to peer 0x128048000 (15 bytes)
1713524455.249049 sending message 112 to peer 0x128048000 (13 bytes)
1713524455.249051 sending message 112 to peer 0x128048000 (70 bytes)
1713524455.249054 sending message 112 to peer 0x128048000 (69 bytes)
1713524455.249057 sending message 112 to peer 0x128048000 (10 bytes)
1713524455.249060 sending message 112 to peer 0x128048000 (8 bytes)
1713524455.249063 sending message 112 to peer 0x128048000 (15 bytes)
1713524455.249066 sending message 112 to peer 0x128048000 (13 bytes)
1713524455.249069 sending message 112 to peer 0x128048000 (10 bytes)
1713524455.249072 sending message 112 to peer 0x128048000 (10 bytes)
1713524455.249075 sending message 112 to peer 0x128048000 (5 bytes)
1713524455.249078 sending message 112 to peer 0x128048000 (15 bytes)
1713524455.249081 sending message 104 to peer 0x128048000 (0 bytes)
1713524455.249085 sending message 110 to peer 0x128048000 (0 bytes)
1713524455.249088 sending message 107 to peer 0x128048000 (4 bytes)
1713524455.249091 sending message 105 to peer 0x128048000 (43 bytes)
1713524455.249094 sending message 105 to peer 0x128048000 (39 bytes)
1713524455.249097 sending message 105 to peer 0x128048000 (23 bytes)
1713524455.249100 sending message 105 to peer 0x128048000 (66 bytes)
1713524455.249103 sending message 105 to peer 0x128048000 (30 bytes)
1713524455.249106 sending message 105 to peer 0x128048000 (21 bytes)
1713524455.249109 sending message 105 to peer 0x128048000 (21 bytes)
1713524455.249112 sending message 105 to peer 0x128048000 (38 bytes)
1713524455.249115 sending message 105 to peer 0x128048000 (26 bytes)
1713524455.249118 sending message 105 to peer 0x128048000 (24 bytes)
1713524455.249121 sending message 105 to peer 0x128048000 (29 bytes)
1713524455.249124 sending message 105 to peer 0x128048000 (70 bytes)
1713524455.249127 sending message 105 to peer 0x128048000 (26 bytes)
1713524455.249130 sending message 105 to peer 0x128048000 (18 bytes)
1713524455.249132 sending message 105 to peer 0x128048000 (56 bytes)
1713524455.249135 sending message 105 to peer 0x128048000 (72 bytes)
1713524455.249138 sending message 105 to peer 0x128048000 (64 bytes)
1713524455.249141 sending message 105 to peer 0x128048000 (38 bytes)
1713524455.249145 sending message 105 to peer 0x128048000 (70 bytes)
1713524455.249148 sending message 105 to peer 0x128048000 (24 bytes)
1713524455.249151 sending message 105 to peer 0x128048000 (11 bytes)
1713524455.249154 sending message 105 to peer 0x128048000 (14 bytes)
1713524455.249157 sending message 105 to peer 0x128048000 (25 bytes)
1713524455.249160 sending message 105 to peer 0x128048000 (20 bytes)
1713524455.249162 sending message 105 to peer 0x128048000 (42 bytes)
1713524455.249173 sending message 105 to peer 0x128048000 (115 bytes)
1713524455.249176 sending message 105 to peer 0x128048000 (26 bytes)
1713524455.249179 sending message 105 to peer 0x128048000 (18 bytes)
1713524455.249182 sending message 105 to peer 0x128048000 (35 bytes)
1713524455.249185 sending message 105 to peer 0x128048000 (17 bytes)
1713524455.249188 sending message 105 to peer 0x128048000 (50 bytes)
1713524455.249191 sending message 105 to peer 0x128048000 (14 bytes)
1713524455.249194 sending message 105 to peer 0x128048000 (41 bytes)
1713524455.249197 sending message 105 to peer 0x128048000 (126 bytes)
1713524455.249200 sending message 105 to peer 0x128048000 (970 bytes)
1713524455.249203 sending message 105 to peer 0x128048000 (39 bytes)
1713524455.249206 sending message 105 to peer 0x128048000 (17 bytes)
1713524455.249209 sending message 105 to peer 0x128048000 (15 bytes)
1713524455.249212 sending message 105 to peer 0x128048000 (57 bytes)
1713524455.249215 sending message 105 to peer 0x128048000 (20 bytes)
1713524455.249217 sending message 105 to peer 0x128048000 (73 bytes)
1713524455.249220 sending message 105 to peer 0x128048000 (70 bytes)
1713524455.249223 sending message 105 to peer 0x128048000 (27 bytes)
1713524455.249226 sending message 105 to peer 0x128048000 (49 bytes)
1713524455.249229 sending message 105 to peer 0x128048000 (147 bytes)
1713524455.249232 sending message 105 to peer 0x128048000 (44 bytes)
1713524455.249235 sending message 105 to peer 0x128048000 (54 bytes)
1713524455.249238 sending message 105 to peer 0x128048000 (19 bytes)
1713524455.249241 sending message 105 to peer 0x128048000 (22 bytes)
1713524455.249244 sending message 105 to peer 0x128048000 (8 bytes)
1713524455.249247 sending message 105 to peer 0x128048000 (21 bytes)
1713524455.249250 sending message 106 to peer 0x128048000 (0 bytes)
1713524455.249298 sending message 200 to peer 0x128048000 (4 bytes)
1713524455.249303 client loop enter
1713524455.249556 peer 0x128048000 message 303
1713524455.249580 open write file 2 -
1713524455.249604 sending message 305 to peer 0x128048000 (8 bytes)
1713524455.249618 write check file 2
1713524455.249651 peer 0x128048000 message 304
1713524455.249655 write 58 to file 2
1713524455.249679 peer 0x128048000 message 203
1713524455.249690 file 2 58 bytes left
1713524455.249704 write check file 2
1713524455.249708 client loop exit
